This is pdfTeX, Version 3.141592653-2.6-1.40.27 (TeX Live 2025) (preloaded format=pdflatex 2025.7.24)  24 JUL 2025 11:17
entering extended mode
 restricted \write18 enabled.
 file:line:error style messages enabled.
 %&-line parsing enabled.
**/Users/ochaff/Documents/cardo_local/Hierarchical_Loan_paper/Paper/main.tex
(/Users/ochaff/Documents/cardo_local/Hierarchical_Loan_paper/Paper/main.tex
LaTeX2e <2024-11-01> patch level 2
L3 programming layer <2025-01-18>
(/usr/local/texlive/2025/texmf-dist/tex/latex/base/article.cls
Document Class: article 2024/06/29 v1.4n Standard LaTeX document class
(/usr/local/texlive/2025/texmf-dist/tex/latex/base/size10.clo
File: size10.clo 2024/06/29 v1.4n Standard LaTeX file (size option)
)
\c@part=\count196
\c@section=\count197
\c@subsection=\count198
\c@subsubsection=\count199
\c@paragraph=\count266
\c@subparagraph=\count267
\c@figure=\count268
\c@table=\count269
\abovecaptionskip=\skip49
\belowcaptionskip=\skip50
\bibindent=\dimen141
) (./aaai.sty
Conference Style for AAAI for LaTeX 2e -- version of 1 December 2013
\titlebox=\skip51
) (/usr/local/texlive/2025/texmf-dist/tex/latex/psnfss/times.sty
Package: times 2020/03/25 PSNFSS-v9.3 (SPQR) 
) (/usr/local/texlive/2025/texmf-dist/tex/latex/psnfss/helvet.sty
Package: helvet 2020/03/25 PSNFSS-v9.3 (WaS) 
 (/usr/local/texlive/2025/texmf-dist/tex/latex/graphics/keyval.sty
Package: keyval 2022/05/29 v1.15 key=value parser (DPC)
\KV@toks@=\toks17
)) (/usr/local/texlive/2025/texmf-dist/tex/latex/psnfss/courier.sty
Package: courier 2020/03/25 PSNFSS-v9.3 (WaS) 
) (/usr/local/texlive/2025/texmf-dist/tex/latex/amsfonts/amsfonts.sty
Package: amsfonts 2013/01/14 v3.01 Basic AMSFonts support
\@emptytoks=\toks18
\symAMSa=\mathgroup4
\symAMSb=\mathgroup5
LaTeX Font Info:    Redeclaring math symbol \hbar on input line 98.
LaTeX Font Info:    Overwriting math alphabet `\mathfrak' in version `bold'
(Font)                  U/euf/m/n --> U/euf/b/n on input line 106.
) (/usr/local/texlive/2025/texmf-dist/tex/latex/amsmath/amsmath.sty
Package: amsmath 2024/11/05 v2.17t AMS math features
\@mathmargin=\skip52

For additional information on amsmath, use the `?' option.
(/usr/local/texlive/2025/texmf-dist/tex/latex/amsmath/amstext.sty
Package: amstext 2021/08/26 v2.01 AMS text
 (/usr/local/texlive/2025/texmf-dist/tex/latex/amsmath/amsgen.sty
File: amsgen.sty 1999/11/30 v2.0 generic functions
\@emptytoks=\toks19
\ex@=\dimen142
)) (/usr/local/texlive/2025/texmf-dist/tex/latex/amsmath/amsbsy.sty
Package: amsbsy 1999/11/29 v1.2d Bold Symbols
\pmbraise@=\dimen143
) (/usr/local/texlive/2025/texmf-dist/tex/latex/amsmath/amsopn.sty
Package: amsopn 2022/04/08 v2.04 operator names
)
\inf@bad=\count270
LaTeX Info: Redefining \frac on input line 233.
\uproot@=\count271
\leftroot@=\count272
LaTeX Info: Redefining \overline on input line 398.
LaTeX Info: Redefining \colon on input line 409.
\classnum@=\count273
\DOTSCASE@=\count274
LaTeX Info: Redefining \ldots on input line 495.
LaTeX Info: Redefining \dots on input line 498.
LaTeX Info: Redefining \cdots on input line 619.
\Mathstrutbox@=\box52
\strutbox@=\box53
LaTeX Info: Redefining \big on input line 721.
LaTeX Info: Redefining \Big on input line 722.
LaTeX Info: Redefining \bigg on input line 723.
LaTeX Info: Redefining \Bigg on input line 724.
\big@size=\dimen144
LaTeX Font Info:    Redeclaring font encoding OML on input line 742.
LaTeX Font Info:    Redeclaring font encoding OMS on input line 743.
\macc@depth=\count275
LaTeX Info: Redefining \bmod on input line 904.
LaTeX Info: Redefining \pmod on input line 909.
LaTeX Info: Redefining \smash on input line 939.
LaTeX Info: Redefining \relbar on input line 969.
LaTeX Info: Redefining \Relbar on input line 970.
\c@MaxMatrixCols=\count276
\dotsspace@=\muskip17
\c@parentequation=\count277
\dspbrk@lvl=\count278
\tag@help=\toks20
\row@=\count279
\column@=\count280
\maxfields@=\count281
\andhelp@=\toks21
\eqnshift@=\dimen145
\alignsep@=\dimen146
\tagshift@=\dimen147
\tagwidth@=\dimen148
\totwidth@=\dimen149
\lineht@=\dimen150
\@envbody=\toks22
\multlinegap=\skip53
\multlinetaggap=\skip54
\mathdisplay@stack=\toks23
LaTeX Info: Redefining \[ on input line 2953.
LaTeX Info: Redefining \] on input line 2954.
) (/usr/local/texlive/2025/texmf-dist/tex/latex/tools/tabularx.sty
Package: tabularx 2023/12/11 v2.12a `tabularx' package (DPC)
 (/usr/local/texlive/2025/texmf-dist/tex/latex/tools/array.sty
Package: array 2024/10/17 v2.6g Tabular extension package (FMi)
\col@sep=\dimen151
\ar@mcellbox=\box54
\extrarowheight=\dimen152
\NC@list=\toks24
\extratabsurround=\skip55
\backup@length=\skip56
\ar@cellbox=\box55
)
\TX@col@width=\dimen153
\TX@old@table=\dimen154
\TX@old@col=\dimen155
\TX@target=\dimen156
\TX@delta=\dimen157
\TX@cols=\count282
\TX@ftn=\toks25
) (/usr/local/texlive/2025/texmf-dist/tex/latex/caption/caption.sty
Package: caption 2023/08/05 v3.6o Customizing captions (AR)
 (/usr/local/texlive/2025/texmf-dist/tex/latex/caption/caption3.sty
Package: caption3 2023/07/31 v2.4d caption3 kernel (AR)
\caption@tempdima=\dimen158
\captionmargin=\dimen159
\caption@leftmargin=\dimen160
\caption@rightmargin=\dimen161
\caption@width=\dimen162
\caption@indent=\dimen163
\caption@parindent=\dimen164
\caption@hangindent=\dimen165
Package caption Info: Standard document class detected.
)
\c@caption@flags=\count283
\c@continuedfloat=\count284
) (/usr/local/texlive/2025/texmf-dist/tex/latex/caption/subcaption.sty
Package: subcaption 2023/07/28 v1.6b Sub-captions (AR)
Package caption Info: New subtype `subfigure' on input line 238.
\c@subfigure=\count285
Package caption Info: New subtype `subtable' on input line 238.
\c@subtable=\count286
) (/usr/local/texlive/2025/texmf-dist/tex/latex/graphics/graphicx.sty
Package: graphicx 2021/09/16 v1.2d Enhanced LaTeX Graphics (DPC,SPQR)
 (/usr/local/texlive/2025/texmf-dist/tex/latex/graphics/graphics.sty
Package: graphics 2024/08/06 v1.4g Standard LaTeX Graphics (DPC,SPQR)
 (/usr/local/texlive/2025/texmf-dist/tex/latex/graphics/trig.sty
Package: trig 2023/12/02 v1.11 sin cos tan (DPC)
) (/usr/local/texlive/2025/texmf-dist/tex/latex/graphics-cfg/graphics.cfg
File: graphics.cfg 2016/06/04 v1.11 sample graphics configuration
)
Package graphics Info: Driver file: pdftex.def on input line 106.
 (/usr/local/texlive/2025/texmf-dist/tex/latex/graphics-def/pdftex.def
File: pdftex.def 2024/04/13 v1.2c Graphics/color driver for pdftex
))
\Gin@req@height=\dimen166
\Gin@req@width=\dimen167
) (/usr/local/texlive/2025/texmf-dist/tex/latex/dirtytalk/dirtytalk.sty
Package: dirtytalk 2010/11/21 A package making "quoting" easier
 (/usr/local/texlive/2025/texmf-dist/tex/latex/kvoptions/kvoptions.sty
Package: kvoptions 2022-06-15 v3.15 Key value format for package options (HO)
 (/usr/local/texlive/2025/texmf-dist/tex/generic/ltxcmds/ltxcmds.sty
Package: ltxcmds 2023-12-04 v1.26 LaTeX kernel commands for general use (HO)
) (/usr/local/texlive/2025/texmf-dist/tex/latex/kvsetkeys/kvsetkeys.sty
Package: kvsetkeys 2022-10-05 v1.19 Key value parser (HO)
)) (/usr/local/texlive/2025/texmf-dist/tex/latex/base/ifthen.sty
Package: ifthen 2024/03/16 v1.1e Standard LaTeX ifthen package (DPC)
)
\c@dirtytalk@qdepth=\count287
) (/usr/local/texlive/2025/texmf-dist/tex/latex/url/url.sty
\Urlmuskip=\muskip18
Package: url 2013/09/16  ver 3.4  Verb mode for urls, etc.
) (/usr/local/texlive/2025/texmf-dist/tex/latex/stmaryrd/stmaryrd.sty
Package: stmaryrd 1994/03/03 St Mary's Road symbol package
\symstmry=\mathgroup6
LaTeX Font Info:    Overwriting symbol font `stmry' in version `bold'
(Font)                  U/stmry/m/n --> U/stmry/b/n on input line 89.
) (/usr/local/texlive/2025/texmf-dist/tex/latex/appendix/appendix.sty
Package: appendix 2020/02/08 v1.2c extra appendix facilities
\c@@pps=\count288
\c@@ppsavesec=\count289
\c@@ppsaveapp=\count290
) (/usr/local/texlive/2025/texmf-dist/tex/latex/booktabs/booktabs.sty
Package: booktabs 2020/01/12 v1.61803398 Publication quality tables
\heavyrulewidth=\dimen168
\lightrulewidth=\dimen169
\cmidrulewidth=\dimen170
\belowrulesep=\dimen171
\belowbottomsep=\dimen172
\aboverulesep=\dimen173
\abovetopsep=\dimen174
\cmidrulesep=\dimen175
\cmidrulekern=\dimen176
\defaultaddspace=\dimen177
\@cmidla=\count291
\@cmidlb=\count292
\@aboverulesep=\dimen178
\@belowrulesep=\dimen179
\@thisruleclass=\count293
\@lastruleclass=\count294
\@thisrulewidth=\dimen180
) (/usr/local/texlive/2025/texmf-dist/tex/latex/tabularray/tabularray.sty (/usr/local/texlive/2025/texmf-dist/tex/latex/l3kernel/expl3.sty
Package: expl3 2025-01-18 L3 programming layer (loader) 
 (/usr/local/texlive/2025/texmf-dist/tex/latex/l3backend/l3backend-pdftex.def
File: l3backend-pdftex.def 2024-05-08 L3 backend support: PDF output (pdfTeX)
\l__color_backend_stack_int=\count295
\l__pdf_internal_box=\box56
))
Package: tabularray 2024-02-16 v2024A Typeset tabulars and arrays with LaTeX3
\l__tblr_a_int=\count296
\l__tblr_c_int=\count297
\l__tblr_r_int=\count298
\l__tblr_d_dim=\dimen181
\l__tblr_h_dim=\dimen182
\l__tblr_o_dim=\dimen183
\l__tblr_p_dim=\dimen184
\l__tblr_q_dim=\dimen185
\l__tblr_r_dim=\dimen186
\l__tblr_s_dim=\dimen187
\l__tblr_t_dim=\dimen188
\l__tblr_v_dim=\dimen189
\l__tblr_w_dim=\dimen190
\l__tblr_a_box=\box57
\l__tblr_b_box=\box58
\l__tblr_c_box=\box59
\l__tblr_d_box=\box60
\g__tblr_table_count_int=\count299
\c@rownum=\count300
\c@colnum=\count301
\c@rowcount=\count302
\c@colcount=\count303
\abovesep=\dimen191
\belowsep=\dimen192
\leftsep=\dimen193
\rightsep=\dimen194
\g_tblr_level_int=\count304
\g__tblr_data_row_key_count_int=\count305
\g__tblr_data_column_key_count_int=\count306
\g__tblr_data_cell_key_count_int=\count307
\g__tblr_array_int=\count308
\l__tblr_key_count_int=\count309
\l__tblr_key_quotient_int=\count310
\l__tblr_key_quotient_two_int=\count311
\l__tblr_key_remainder_int=\count312
\g__tblr_data_str_value_count_int=\count313
\rulewidth=\dimen195
\l__tblr_strut_dp_dim=\dimen196
\l__tblr_strut_ht_dim=\dimen197
\g__tblr_cell_wd_dim=\dimen198
\g__tblr_cell_ht_dim=\dimen199
\g__tblr_cell_head_dim=\dimen256
\g__tblr_cell_foot_dim=\dimen257
\l__column_target_dim=\dimen258
\l__tblr_caption_box=\box61
\l__tblr_caption_left_box=\box62
\l__tblr_row_head_box=\box63
\l__tblr_row_foot_box=\box64
\l__tblr_row_head_foot_dim=\dimen259
\tablewidth=\dimen260
\l__tblr_table_firsthead_box=\box65
\l__tblr_table_middlehead_box=\box66
\l__tblr_table_lasthead_box=\box67
\l__tblr_table_firstfoot_box=\box68
\l__tblr_table_middlefoot_box=\box69
\l__tblr_table_lastfoot_box=\box70
\l__tblr_remain_height_dim=\dimen261
\l__tblr_long_from_int=\count314
\l__tblr_long_to_int=\count315
\l__tblr_curr_i_int=\count316
\l__tblr_prev_i_int=\count317
\l__tblr_table_page_int=\count318
\l__tblr_table_head_box=\box71
\l__tblr_table_foot_box=\box72
\l__tblr_table_head_foot_dim=\dimen262
\l__tblr_table_head_body_foot_dim=\dimen263
\l__tblr_table_box=\box73
\l__tblr_table_hlines_box=\box74
\l__tblr_hline_box=\box75
\l__tblr_row_box=\box76
\l__tblr_col_o_wd_dim=\dimen264
\l__tblr_col_b_wd_dim=\dimen265
\l__tblr_hline_leftskip_dim=\dimen266
\l__tblr_hline_rightskip_dim=\dimen267
\l__tblr_row_ht_dim=\dimen268
\l__tblr_row_dp_dim=\dimen269
\l__tblr_row_abovesep_dim=\dimen270
\l__tblr_row_belowsep_dim=\dimen271
\l__tblr_row_vlines_box=\box77
\l__tblr_vline_box=\box78
\l__tblr_cell_box=\box79
\l__row_upper_dim=\dimen272
\l__row_lower_dim=\dimen273
\l__row_vpace_dim=\dimen274
\l__tblr_vline_aboveskip_dim=\dimen275
\l__tblr_vline_belowskip_dim=\dimen276
\l__tblr_cell_wd_dim=\dimen277
\l__tblr_cell_ht_dim=\dimen278
\l__tblr_diag_box=\box80
) (/usr/local/texlive/2025/texmf-dist/tex/latex/realboxes/realboxes.sty
Package: realboxes 2011/08/08 v0.2 Change box commands to read there content as real boxes
 (/usr/local/texlive/2025/texmf-dist/tex/latex/collectbox/collectbox.sty
Package: collectbox 2022/10/17 v0.4c Collect macro arguments as boxes
\collectedbox=\box81
) (/usr/local/texlive/2025/texmf-dist/tex/latex/adjustbox/adjcalc.sty
Package: adjcalc 2012/05/16 v1.1 Provides advanced setlength with multiple back-ends (calc, etex, pgfmath)
 (/usr/local/texlive/2025/texmf-dist/tex/latex/xkeyval/xkeyval.sty
Package: xkeyval 2022/06/16 v2.9 package option processing (HA)
 (/usr/local/texlive/2025/texmf-dist/tex/generic/xkeyval/xkeyval.tex (/usr/local/texlive/2025/texmf-dist/tex/generic/xkeyval/xkvutils.tex
\XKV@toks=\toks26
\XKV@tempa@toks=\toks27
)
\XKV@depth=\count319
File: xkeyval.tex 2014/12/03 v2.7a key=value parser (HA)
))))
LaTeX Font Info:    Trying to load font information for OT1+ptm on input line 26.
 (/usr/local/texlive/2025/texmf-dist/tex/latex/psnfss/ot1ptm.fd
File: ot1ptm.fd 2001/06/04 font definitions for OT1/ptm.
) (./main.aux

LaTeX Warning: Label `fig:y equals x' multiply defined.


LaTeX Warning: Label `sub@fig:y equals x' multiply defined.


LaTeX Warning: Label `fig:three sin x' multiply defined.


LaTeX Warning: Label `sub@fig:three sin x' multiply defined.


LaTeX Warning: Label `fig:y equals x' multiply defined.


LaTeX Warning: Label `sub@fig:y equals x' multiply defined.


LaTeX Warning: Label `fig:three sin x' multiply defined.


LaTeX Warning: Label `sub@fig:three sin x' multiply defined.

)
\openout1 = `main.aux'.

LaTeX Font Info:    Checking defaults for OML/cmm/m/it on input line 26.
LaTeX Font Info:    ... okay on input line 26.
LaTeX Font Info:    Checking defaults for OMS/cmsy/m/n on input line 26.
LaTeX Font Info:    ... okay on input line 26.
LaTeX Font Info:    Checking defaults for OT1/cmr/m/n on input line 26.
LaTeX Font Info:    ... okay on input line 26.
LaTeX Font Info:    Checking defaults for T1/cmr/m/n on input line 26.
LaTeX Font Info:    ... okay on input line 26.
LaTeX Font Info:    Checking defaults for TS1/cmr/m/n on input line 26.
LaTeX Font Info:    ... okay on input line 26.
LaTeX Font Info:    Checking defaults for OMX/cmex/m/n on input line 26.
LaTeX Font Info:    ... okay on input line 26.
LaTeX Font Info:    Checking defaults for U/cmr/m/n on input line 26.
LaTeX Font Info:    ... okay on input line 26.
Package caption Info: Begin \AtBeginDocument code.
Package caption Info: End \AtBeginDocument code.
 (/usr/local/texlive/2025/texmf-dist/tex/context/base/mkii/supp-pdf.mkii
[Loading MPS to PDF converter (version 2006.09.02).]
\scratchcounter=\count320
\scratchdimen=\dimen279
\scratchbox=\box82
\nofMPsegments=\count321
\nofMParguments=\count322
\everyMPshowfont=\toks28
\MPscratchCnt=\count323
\MPscratchDim=\dimen280
\MPnumerator=\count324
\makeMPintoPDFobject=\count325
\everyMPtoPDFconversion=\toks29
) (/usr/local/texlive/2025/texmf-dist/tex/latex/epstopdf-pkg/epstopdf-base.sty
Package: epstopdf-base 2020-01-24 v2.11 Base part for package epstopdf
Package epstopdf-base Info: Redefining graphics rule for `.eps' on input line 485.
 (/usr/local/texlive/2025/texmf-dist/tex/latex/latexconfig/epstopdf-sys.cfg
File: epstopdf-sys.cfg 2010/07/13 v1.3 Configuration of (r)epstopdf for TeX Live
))
LaTeX Font Info:    Trying to load font information for U+msa on input line 31.
 (/usr/local/texlive/2025/texmf-dist/tex/latex/amsfonts/umsa.fd
File: umsa.fd 2013/01/14 v3.01 AMS symbols A
)
LaTeX Font Info:    Trying to load font information for U+msb on input line 31.
 (/usr/local/texlive/2025/texmf-dist/tex/latex/amsfonts/umsb.fd
File: umsb.fd 2013/01/14 v3.01 AMS symbols B
)
LaTeX Font Info:    Trying to load font information for U+stmry on input line 31.
 (/usr/local/texlive/2025/texmf-dist/tex/latex/stmaryrd/Ustmry.fd)
LaTeX Font Info:    Trying to load font information for TS1+ptm on input line 31.
 (/usr/local/texlive/2025/texmf-dist/tex/latex/psnfss/ts1ptm.fd
File: ts1ptm.fd 2001/06/04 font definitions for TS1/ptm.
)
Underfull \hbox (badness 2547) in paragraph at lines 57--59
\OT1/ptm/m/n/10 com-plex non-linear de-pen-den-cies both tem-po-rally and
 []





[1{/usr/local/texlive/2025/texmf-var/fonts/map/pdftex/updmap/pdftex.map}{/usr/local/texlive/2025/texmf-dist/fonts/enc/dvips/base/8r.enc}



]
<graph_nodes.png, id=8, 1084.05pt x 361.35pt>
File: graph_nodes.png Graphic file (type png)
<use graph_nodes.png>
Package pdftex.def Info: graph_nodes.png  used on input line 101.
(pdftex.def)             Requested size: 239.39438pt x 79.79498pt.



Underfull \hbox (badness 1043) in paragraph at lines 171--172
[]\OT1/ptm/m/n/10 The sim-plest method is bottom-up, cor-re-spond-ing to
 []



[2 <./graph_nodes.png>]



[3]
Underfull \hbox (badness 1052) in paragraph at lines 243--245
[]\OT1/ptm/b/n/10 Coherence as a Dif-fer-en-tiable Con-straint. \OT1/ptm/m/n/10 Al-ter-na-
 []




Underfull \hbox (badness 10000) in paragraph at lines 263--264
[]\OT1/ptm/m/it/10 Coherence En-force-ment via Soft Reg-u-lar-iza-tion\OT1/ptm/m/n/10 :
 []


Underfull \hbox (badness 10000) in paragraph at lines 263--264
\OT1/ptm/m/n/10 PROFHIT en-sures fore-cast rec-on-cil-i-a-tion through
 []


Underfull \hbox (badness 1067) in paragraph at lines 263--264
\OT1/ptm/m/n/10 us-ing a sym-metrized vari-ant of the Kullback-Leibler
 []


Underfull \hbox (badness 1571) in paragraph at lines 269--270
[]\OT1/ptm/m/n/10 Using the known re-sult on the closed form of the
 []


Underfull \vbox (badness 4403) has occurred while \output is active []



[4]
Underfull \hbox (badness 2980) in paragraph at lines 284--285
\OT1/ptm/m/n/10 mul-ti-vari-ate prob-a-bilis-tic fore-cast-ing frame-work that
 []




Underfull \hbox (badness 4726) in paragraph at lines 313--314
[]\OT1/ptm/m/it/10 Forecast Model\OT1/ptm/m/n/10 : CLOVER aug-ments the MQCNN
 []



[5]

<bad_loans_map.png, id=39, 578.16pt x 433.62pt>
File: bad_loans_map.png Graphic file (type png)
<use bad_loans_map.png>
Package pdftex.def Info: bad_loans_map.png  used on input line 350.
(pdftex.def)             Requested size: 237.7689pt x 178.32129pt.
<orig_loans_map.png, id=40, 578.16pt x 433.62pt>
File: orig_loans_map.png Graphic file (type png)
<use orig_loans_map.png>
Package pdftex.def Info: orig_loans_map.png  used on input line 357.
(pdftex.def)             Requested size: 237.7689pt x 178.32129pt.

Underfull \hbox (badness 2393) in paragraph at lines 375--376
[]\OT1/ptm/m/n/10 Relevant con-text is in-cor-po-rated through ex-oge-nous
 []


Underfull \hbox (badness 5064) in paragraph at lines 375--376
\OT1/ptm/m/n/10 macroe-co-nomic fea-tures. These monthly fea-tures are
 []



[6]
<QQplots_lazio.png, id=44, 1445.4pt x 361.35pt>
File: QQplots_lazio.png Graphic file (type png)
<use QQplots_lazio.png>
Package pdftex.def Info: QQplots_lazio.png  used on input line 383.
(pdftex.def)             Requested size: 505.89pt x 126.46887pt.
<QQplots_valee.png, id=45, 1445.4pt x 361.35pt>
File: QQplots_valee.png Graphic file (type png)
<use QQplots_valee.png>
Package pdftex.def Info: QQplots_valee.png  used on input line 389.
(pdftex.def)             Requested size: 505.89pt x 126.46887pt.




[7 <./bad_loans_map.png> <./orig_loans_map.png>] [8 <./QQplots_lazio.png> <./QQplots_valee.png>]
Overfull \hbox (26.4194pt too wide) detected at line 433
[]
 []



LaTeX Font Info:    Trying to load font information for OT1+pcr on input line 445.
(/usr/local/texlive/2025/texmf-dist/tex/latex/psnfss/ot1pcr.fd
File: ot1pcr.fd 2001/06/04 font definitions for OT1/pcr.
)
Underfull \hbox (badness 10000) in paragraph at lines 445--446
\OT1/pcr/m/n/10 neuralforecast \OT1/ptm/m/n/10 and \OT1/pcr/m/n/10 statsforecast \OT1/ptm/m/n/10 li-braries.
 []


Underfull \hbox (badness 2285) in paragraph at lines 445--446
\OT1/ptm/m/n/10 dic-tions gen-er-ated by our cus-tom hi-er-ar-chi-cal mod-els
 []


Underfull \hbox (badness 1681) in paragraph at lines 445--446
\OT1/ptm/m/n/10 are post-processed into a for-mat com-pat-i-ble with this
 []

<reconciliation_error.png, id=58, 1084.05pt x 433.62pt>
File: reconciliation_error.png Graphic file (type png)
<use reconciliation_error.png>
Package pdftex.def Info: reconciliation_error.png  used on input line 455.
(pdftex.def)             Requested size: 505.89pt x 202.35242pt.


[9]

<pct_improvement_sector.png, id=63, 1445.4pt x 505.89pt>
File: pct_improvement_sector.png Graphic file (type png)
<use pct_improvement_sector.png>
Package pdftex.def Info: pct_improvement_sector.png  used on input line 480.
(pdftex.def)             Requested size: 505.89pt x 177.05643pt.


[10 <./reconciliation_error.png>]


Underfull \hbox (badness 10000) in paragraph at lines 505--506
[]\OT1/ptm/m/n/10 We an-a-lyze three state-of-the-art frameworks---
 []


Underfull \hbox (badness 8189) in paragraph at lines 505--506
\OT1/ptm/m/n/10 PROFHIT, Hi-erE2E, and CLOVER---and bench-mark
 []


Underfull \hbox (badness 1297) in paragraph at lines 505--506
\OT1/ptm/m/n/10 their per-for-mance against both clas-si-cal (ARIMA) and
 []


Underfull \hbox (badness 1342) in paragraph at lines 509--510
[]\OT1/ptm/m/n/10 First, our find-ings in-di-cate that the ar-chi-tec-ture and
 []


Underfull \hbox (badness 2735) in paragraph at lines 509--510
\OT1/ptm/m/n/10 choice of rec-on-cil-i-a-tion method are crit-i-cal to ef-fec-
 []



[11 <./pct_improvement_sector.png>]
Underfull \hbox (badness 1635) in paragraph at lines 521--522
\OT1/ptm/m/n/10 level time se-ries within hi-er-ar-chi-cal struc-tures. Re-cent
 []



<EU_fund.jpg, id=72, 4262.92625pt x 894.34125pt>
File: EU_fund.jpg Graphic file (type jpg)
<use EU_fund.jpg>
Package pdftex.def Info: EU_fund.jpg  used on input line 531.
(pdftex.def)             Requested size: 239.39438pt x 50.21922pt.

Underfull \hbox (badness 2418) in paragraph at lines 536--537
\OT1/ptm/m/n/10 To en-sure trans-parency and re-pro-ducibil-ity, all codes,
 []


Underfull \hbox (badness 1173) in paragraph at lines 536--537
\OT1/ptm/m/n/10 trained mod-els, and data pre-pro-cess-ing scripts used in
 []


Underfull \hbox (badness 4036) in paragraph at lines 538--539
\OT1/ptm/m/n/10 let for-mat, fa-cil-i-tat-ing straight-for-ward repli-ca-tion and
 []


Underfull \hbox (badness 1655) in paragraph at lines 538--539
\OT1/ptm/m/n/10 ex-ten-sion of our re-sults. The com-plete repos-i-tory can
 []


Underfull \hbox (badness 10000) in paragraph at lines 538--539
\OT1/ptm/m/n/10 be found at: $\OT1/pcr/m/n/10 https : / / github . com / QuantLet /
 []

<perf_stat_NN_fullhier.png, id=73, 1879.02pt x 867.24pt>
File: perf_stat_NN_fullhier.png Graphic file (type png)
<use perf_stat_NN_fullhier.png>
Package pdftex.def Info: perf_stat_NN_fullhier.png  used on input line 546.
(pdftex.def)             Requested size: 505.89pt x 233.48305pt.
<perf_stat_NN_fullhier_smape.png, id=74, 1879.02pt x 867.24pt>
File: perf_stat_NN_fullhier_smape.png Graphic file (type png)
<use perf_stat_NN_fullhier_smape.png>
Package pdftex.def Info: perf_stat_NN_fullhier_smape.png  used on input line 552.
(pdftex.def)             Requested size: 505.89pt x 233.48305pt.

LaTeX Warning: `h' float specifier changed to `ht'.


LaTeX Warning: `h' float specifier changed to `ht'.


LaTeX Warning: `h' float specifier changed to `ht'.



[12 <./EU_fund.jpg>] [13 <./perf_stat_NN_fullhier.png> <./perf_stat_NN_fullhier_smape.png>] (./main.bbl
Underfull \hbox (badness 1776) in paragraph at lines 57--61
\OT1/ptm/m/n/10 Prakash, B. A.  2022.  Profhit: Prob-a-bilis-tic ro-bust
 []




Underfull \hbox (badness 1215) in paragraph at lines 84--88
[]\OT1/ptm/m/n/10 Olivares, K. G.; Challu, C.; Mar-c-jasz, G.; Weron, R.;
 []


Underfull \hbox (badness 1902) in paragraph at lines 84--88
\OT1/ptm/m/n/10 and Dubrawski, A.  2023.  Neu-ral ba-sis ex-pan-sion
 []



[14] [15])



[16

] [17]
<perf_HierE2E_models.png, id=96, 1084.05pt x 722.7pt>
File: perf_HierE2E_models.png Graphic file (type png)
<use perf_HierE2E_models.png>
Package pdftex.def Info: perf_HierE2E_models.png  used on input line 748.
(pdftex.def)             Requested size: 505.89pt x 337.25401pt.


LaTeX Warning: `h' float specifier changed to `ht'.

<perf_time_HierE2E.png, id=97, 1084.05pt x 722.7pt>
File: perf_time_HierE2E.png Graphic file (type png)
<use perf_time_HierE2E.png>
Package pdftex.def Info: perf_time_HierE2E.png  used on input line 755.
(pdftex.def)             Requested size: 505.89pt x 337.25401pt.

LaTeX Warning: `h' float specifier changed to `ht'.



[1



]

[2 <./perf_HierE2E_models.png>]

[3 <./perf_time_HierE2E.png>] (./main.aux)
 ***********
LaTeX2e <2024-11-01> patch level 2
L3 programming layer <2025-01-18>
 ***********


LaTeX Warning: There were multiply-defined labels.

 ) 
Here is how much of TeX's memory you used:
 7292 strings out of 473190
 138937 string characters out of 5715800
 556075 words of memory out of 5000000
 30421 multiletter control sequences out of 15000+600000
 584259 words of font info for 93 fonts, out of 8000000 for 9000
 1141 hyphenation exceptions out of 8191
 65i,12n,79p,1498b,601s stack positions out of 10000i,1000n,20000p,200000b,200000s
</usr/local/texlive/2025/texmf-dist/fonts/type1/public/amsfonts/cm/cmbx10.pfb></usr/local/texlive/2025/texmf-dist/fonts/type1/public/amsfonts/cm/cmbx7.pfb></usr/local/texlive/2025/texmf-dist/fonts/type1/public/amsfonts/cm/cmex10.pfb></usr/local/texlive/2025/texmf-dist/fonts/type1/public/amsfonts/cm/cmmi10.pfb></usr/local/texlive/2025/texmf-dist/fonts/type1/public/amsfonts/cm/cmmi5.pfb></usr/local/texlive/2025/texmf-dist/fonts/type1/public/amsfonts/cm/cmmi7.pfb></usr/local/texlive/2025/texmf-dist/fonts/type1/public/amsfonts/cm/cmr10.pfb></usr/local/texlive/2025/texmf-dist/fonts/type1/public/amsfonts/cm/cmr7.pfb></usr/local/texlive/2025/texmf-dist/fonts/type1/public/amsfonts/cm/cmsy10.pfb></usr/local/texlive/2025/texmf-dist/fonts/type1/public/amsfonts/cm/cmsy7.pfb></usr/local/texlive/2025/texmf-dist/fonts/type1/public/amsfonts/cm/cmsy9.pfb></usr/local/texlive/2025/texmf-dist/fonts/type1/public/amsfonts/symbols/msbm10.pfb></usr/local/texlive/2025/texmf-dist/fonts/type1/public/amsfonts/symbols/msbm5.pfb></usr/local/texlive/2025/texmf-dist/fonts/type1/public/amsfonts/symbols/msbm7.pfb></usr/local/texlive/2025/texmf-dist/fonts/type1/public/stmaryrd/stmary10.pfb></usr/local/texlive/2025/texmf-dist/fonts/type1/urw/courier/ucrr8a.pfb></usr/local/texlive/2025/texmf-dist/fonts/type1/urw/times/utmb8a.pfb></usr/local/texlive/2025/texmf-dist/fonts/type1/urw/times/utmbi8a.pfb></usr/local/texlive/2025/texmf-dist/fonts/type1/urw/times/utmr8a.pfb></usr/local/texlive/2025/texmf-dist/fonts/type1/urw/times/utmri8a.pfb>
Output written on main.pdf (20 pages, 3055659 bytes).
PDF statistics:
 195 PDF objects out of 1000 (max. 8388607)
 108 compressed objects within 2 object streams
 0 named destinations out of 1000 (max. 500000)
 61 words of extra memory for PDF output out of 10000 (max. 10000000)

